Using pre-set license
Built from '2020.3/staging' branch; Version is '2020.3.26f1 (7298b473bc1a) revision 7510196'; Using compiler version '192528614'; Build Type 'Release'
OS: 'Windows 10  (10.0.19043) 64bit Professional' Language: 'en' Physical Memory: 16344 MB
BatchMode: 1, IsHumanControllingUs: 0, StartBugReporterOnCrash: 0, Is64bit: 1, IsPro: 0

COMMAND LINE ARGUMENTS:
D:\UnityInstall\2020.3.26f1\Editor\Unity.exe
-adb2
-batchMode
-noUpm
-name
AssetImportWorker0
-projectPath
E:/Unity Proj/tictactoe-task
-logFile
Logs/AssetImportWorker0.log
-srvPort
61928
Successfully changed project path to: E:/Unity Proj/tictactoe-task
E:/Unity Proj/tictactoe-task
Using Asset Import Pipeline V2.
Refreshing native plugins compatible for Editor in 28.20 ms, found 2 plugins.
Preloading 0 native plugins for Editor in 0.00 ms.
Initialize engine version: 2020.3.26f1 (7298b473bc1a)
[Subsystems] Discovering subsystems at path D:/UnityInstall/2020.3.26f1/Editor/Data/Resources/UnitySubsystems
[Subsystems] Discovering subsystems at path E:/Unity Proj/tictactoe-task/Assets
GfxDevice: creating device client; threaded=0
Direct3D:
    Version:  Direct3D 11.0 [level 11.1]
    Renderer: NVIDIA GeForce GTX 1070 Ti (ID=0x1b82)
    Vendor:   
    VRAM:     8079 MB
    Driver:   30.0.14.7212
Initialize mono
Mono path[0] = 'D:/UnityInstall/2020.3.26f1/Editor/Data/Managed'
Mono path[1] = 'D:/UnityInstall/2020.3.26f1/Editor/Data/MonoBleedingEdge/lib/mono/unityjit'
Mono config path = 'D:/UnityInstall/2020.3.26f1/Editor/Data/MonoBleedingEdge/etc'
Using monoOptions --debugger-agent=transport=dt_socket,embedding=1,server=y,suspend=n,address=127.0.0.1:56804
Begin MonoManager ReloadAssembly
Registering precompiled unity dll's ...
Register platform support module: D:/UnityInstall/2020.3.26f1/Editor/Data/PlaybackEngines/WebGLSupport/UnityEditor.WebGL.Extensions.dll
Register platform support module: D:/UnityInstall/2020.3.26f1/Editor/Data/PlaybackEngines/WindowsStandaloneSupport/UnityEditor.WindowsStandalone.Extensions.dll
Registered in 0.001315 seconds.
Native extension for WindowsStandalone target not found
Native extension for WebGL target not found
Refreshing native plugins compatible for Editor in 27.65 ms, found 2 plugins.
Preloading 0 native plugins for Editor in 0.00 ms.
Mono: successfully reloaded assembly
- Completed reload, in  0.533 seconds
Domain Reload Profiling:
	ReloadAssembly (534ms)
		BeginReloadAssembly (63ms)
			ExecutionOrderSort (0ms)
			DisableScriptedObjects (0ms)
			BackupInstance (0ms)
			ReleaseScriptingObjects (0ms)
			CreateAndSetChildDomain (1ms)
		EndReloadAssembly (409ms)
			LoadAssemblies (63ms)
			RebuildTransferFunctionScriptingTraits (0ms)
			SetupTypeCache (141ms)
			ReleaseScriptCaches (0ms)
			RebuildScriptCaches (30ms)
			SetupLoadedEditorAssemblies (148ms)
				LogAssemblyErrors (0ms)
				InitializePlatformSupportModulesInManaged (5ms)
				SetLoadedEditorAssemblies (0ms)
				RefreshPlugins (28ms)
				BeforeProcessingInitializeOnLoad (15ms)
				ProcessInitializeOnLoadAttributes (74ms)
				ProcessInitializeOnLoadMethodAttributes (26ms)
				AfterProcessingInitializeOnLoad (0ms)
				EditorAssembliesLoaded (0ms)
			ExecutionOrderSort2 (0ms)
			AwakeInstancesAfterBackupRestoration (0ms)
Platform modules already initialized, skipping
Registering precompiled user dll's ...
Registered in 0.003875 seconds.
Begin MonoManager ReloadAssembly
Native extension for WindowsStandalone target not found
Native extension for WebGL target not found
Refreshing native plugins compatible for Editor in 0.29 ms, found 2 plugins.
Preloading 0 native plugins for Editor in 0.00 ms.
Mono: successfully reloaded assembly
- Completed reload, in  0.924 seconds
Domain Reload Profiling:
	ReloadAssembly (925ms)
		BeginReloadAssembly (142ms)
			ExecutionOrderSort (0ms)
			DisableScriptedObjects (4ms)
			BackupInstance (0ms)
			ReleaseScriptingObjects (0ms)
			CreateAndSetChildDomain (17ms)
		EndReloadAssembly (732ms)
			LoadAssemblies (97ms)
			RebuildTransferFunctionScriptingTraits (0ms)
			SetupTypeCache (265ms)
			ReleaseScriptCaches (0ms)
			RebuildScriptCaches (39ms)
			SetupLoadedEditorAssemblies (270ms)
				LogAssemblyErrors (0ms)
				InitializePlatformSupportModulesInManaged (5ms)
				SetLoadedEditorAssemblies (0ms)
				RefreshPlugins (0ms)
				BeforeProcessingInitializeOnLoad (67ms)
				ProcessInitializeOnLoadAttributes (187ms)
				ProcessInitializeOnLoadMethodAttributes (9ms)
				AfterProcessingInitializeOnLoad (2ms)
				EditorAssembliesLoaded (0ms)
			ExecutionOrderSort2 (0ms)
			AwakeInstancesAfterBackupRestoration (5ms)
Platform modules already initialized, skipping
========================================================================
Worker process is ready to serve import requests
Launched and connected shader compiler UnityShaderCompiler.exe after 0.13 seconds
Refreshing native plugins compatible for Editor in 0.25 ms, found 2 plugins.
Preloading 0 native plugins for Editor in 0.00 ms.
Unloading 1508 Unused Serialized files (Serialized files now loaded: 0)
System memory in use before: 67.7 MB.
System memory in use after: 67.8 MB.

Unloading 19 unused Assets to reduce memory usage. Loaded Objects now: 1940.
Total: 2.185700 ms (FindLiveObjects: 0.114700 ms CreateObjectMapping: 0.044700 ms MarkObjects: 1.933500 ms  DeleteObjects: 0.091700 ms)

AssetImportParameters requested are different than current active one (requested -> active):
  custom:framework-win-MediaFoundation: 216162199b28c13a410421893ffa2e32 -> 
  custom:video-decoder-ogg-theora: a1e56fd34408186e4bbccfd4996cb3dc -> 
  custom:container-muxer-webm: aa71ff27fc2769a1b78a27578f13a17b -> 
  custom:container-demuxer-webm: 4f35f7cbe854078d1ac9338744f61a02 -> 
  custom:container-demuxer-ogg: 62fdf1f143b41e24485cea50d1cbac27 -> 
  custom:video-encoder-webm-vp8: eb34c28f22e8b96e1ab97ce403110664 -> 
  custom:video-decoder-webm-vp8: 9c59270c3fd7afecdb556c50c9e8de78 -> 
  custom:audio-decoder-ogg-vorbis: bf7c407c2cedff20999df2af8eb42d56 -> 
  custom:audio-encoder-webm-vorbis: bf7c407c2cedff20999df2af8eb42d56 -> 
========================================================================
Received Import Request.
  path: Assets/Prefabs/Cell.prefab
  artifactKey: Guid(7b6d3f21897725f4aa6bb72a51145751) Importer(815301076,1909f56bfc062723c751e8b465ee728b)
Start importing Assets/Prefabs/Cell.prefab using Guid(7b6d3f21897725f4aa6bb72a51145751) Importer(815301076,1909f56bfc062723c751e8b465ee728b)  -> (artifact id: '5bb103df654bcb98803ea5044d774f3b') in 0.149486 seconds 
  Import took 0.153092 seconds .

========================================================================
Received Import Request.
  Time since last request: 82.878305 seconds.
  path: Assets/Scripts/UnityCell.cs
  artifactKey: Guid(d4fd5be70ff9a154fb11a946ba13fbb5) Importer(815301076,1909f56bfc062723c751e8b465ee728b)
Start importing Assets/Scripts/UnityCell.cs using Guid(d4fd5be70ff9a154fb11a946ba13fbb5) Importer(815301076,1909f56bfc062723c751e8b465ee728b)  -> (artifact id: 'c79c20e55ec781e3a906774b49ab664a') in 0.017155 seconds 
  Import took 0.020993 seconds .

========================================================================
Received Import Request.
  Time since last request: 247.892722 seconds.
  path: Assets/Scripts/UnityUICell.cs
  artifactKey: Guid(817838af09d2bc344996b01eed7b0e90) Importer(815301076,1909f56bfc062723c751e8b465ee728b)
Start importing Assets/Scripts/UnityUICell.cs using Guid(817838af09d2bc344996b01eed7b0e90) Importer(815301076,1909f56bfc062723c751e8b465ee728b)  -> (artifact id: '1353db7a2a6d8711ca288309b86a0519') in 0.011930 seconds 
  Import took 0.015824 seconds .

========================================================================
Received Prepare
Registering precompiled user dll's ...
Registered in 0.009988 seconds.
Begin MonoManager ReloadAssembly
Native extension for WindowsStandalone target not found
Native extension for WebGL target not found
Refreshing native plugins compatible for Editor in 0.27 ms, found 2 plugins.
Preloading 0 native plugins for Editor in 0.00 ms.
Mono: successfully reloaded assembly
- Completed reload, in  2.139 seconds
Domain Reload Profiling:
	ReloadAssembly (2139ms)
		BeginReloadAssembly (315ms)
			ExecutionOrderSort (0ms)
			DisableScriptedObjects (9ms)
			BackupInstance (0ms)
			ReleaseScriptingObjects (0ms)
			CreateAndSetChildDomain (127ms)
		EndReloadAssembly (1692ms)
			LoadAssemblies (307ms)
			RebuildTransferFunctionScriptingTraits (0ms)
			SetupTypeCache (825ms)
			ReleaseScriptCaches (1ms)
			RebuildScriptCaches (84ms)
			SetupLoadedEditorAssemblies (270ms)
				LogAssemblyErrors (0ms)
				InitializePlatformSupportModulesInManaged (6ms)
				SetLoadedEditorAssemblies (0ms)
				RefreshPlugins (0ms)
				BeforeProcessingInitializeOnLoad (67ms)
				ProcessInitializeOnLoadAttributes (187ms)
				ProcessInitializeOnLoadMethodAttributes (7ms)
				AfterProcessingInitializeOnLoad (2ms)
				EditorAssembliesLoaded (0ms)
			ExecutionOrderSort2 (0ms)
			AwakeInstancesAfterBackupRestoration (7ms)
Platform modules already initialized, skipping
Refreshing native plugins compatible for Editor in 0.50 ms, found 2 plugins.
Preloading 0 native plugins for Editor in 0.00 ms.
Unloading 1503 Unused Serialized files (Serialized files now loaded: 0)
System memory in use before: 70.7 MB.
System memory in use after: 70.8 MB.

Unloading 15 unused Assets to reduce memory usage. Loaded Objects now: 1952.
Total: 2.434800 ms (FindLiveObjects: 0.134300 ms CreateObjectMapping: 0.052000 ms MarkObjects: 2.226400 ms  DeleteObjects: 0.021000 ms)

AssetImportParameters requested are different than current active one (requested -> active):
  custom:framework-win-MediaFoundation: 216162199b28c13a410421893ffa2e32 -> 
  custom:video-decoder-ogg-theora: a1e56fd34408186e4bbccfd4996cb3dc -> 
  custom:container-muxer-webm: aa71ff27fc2769a1b78a27578f13a17b -> 
  custom:container-demuxer-webm: 4f35f7cbe854078d1ac9338744f61a02 -> 
  custom:container-demuxer-ogg: 62fdf1f143b41e24485cea50d1cbac27 -> 
  custom:video-encoder-webm-vp8: eb34c28f22e8b96e1ab97ce403110664 -> 
  custom:video-decoder-webm-vp8: 9c59270c3fd7afecdb556c50c9e8de78 -> 
  custom:audio-decoder-ogg-vorbis: bf7c407c2cedff20999df2af8eb42d56 -> 
  custom:audio-encoder-webm-vorbis: bf7c407c2cedff20999df2af8eb42d56 -> 
========================================================================
Received Prepare
Registering precompiled user dll's ...
Registered in 0.004117 seconds.
Begin MonoManager ReloadAssembly
Native extension for WindowsStandalone target not found
Native extension for WebGL target not found
Refreshing native plugins compatible for Editor in 0.26 ms, found 2 plugins.
Preloading 0 native plugins for Editor in 0.00 ms.
Mono: successfully reloaded assembly
- Completed reload, in  0.848 seconds
Domain Reload Profiling:
	ReloadAssembly (848ms)
		BeginReloadAssembly (109ms)
			ExecutionOrderSort (0ms)
			DisableScriptedObjects (4ms)
			BackupInstance (0ms)
			ReleaseScriptingObjects (0ms)
			CreateAndSetChildDomain (28ms)
		EndReloadAssembly (690ms)
			LoadAssemblies (94ms)
			RebuildTransferFunctionScriptingTraits (0ms)
			SetupTypeCache (255ms)
			ReleaseScriptCaches (1ms)
			RebuildScriptCaches (33ms)
			SetupLoadedEditorAssemblies (242ms)
				LogAssemblyErrors (0ms)
				InitializePlatformSupportModulesInManaged (4ms)
				SetLoadedEditorAssemblies (0ms)
				RefreshPlugins (0ms)
				BeforeProcessingInitializeOnLoad (59ms)
				ProcessInitializeOnLoadAttributes (168ms)
				ProcessInitializeOnLoadMethodAttributes (7ms)
				AfterProcessingInitializeOnLoad (2ms)
				EditorAssembliesLoaded (0ms)
			ExecutionOrderSort2 (0ms)
			AwakeInstancesAfterBackupRestoration (6ms)
Platform modules already initialized, skipping
Refreshing native plugins compatible for Editor in 0.26 ms, found 2 plugins.
Preloading 0 native plugins for Editor in 0.00 ms.
Unloading 1503 Unused Serialized files (Serialized files now loaded: 0)
System memory in use before: 70.8 MB.
System memory in use after: 70.9 MB.

Unloading 14 unused Assets to reduce memory usage. Loaded Objects now: 1954.
Total: 2.095200 ms (FindLiveObjects: 0.108400 ms CreateObjectMapping: 0.040000 ms MarkObjects: 1.934200 ms  DeleteObjects: 0.011700 ms)

AssetImportParameters requested are different than current active one (requested -> active):
  custom:framework-win-MediaFoundation: 216162199b28c13a410421893ffa2e32 -> 
  custom:video-decoder-ogg-theora: a1e56fd34408186e4bbccfd4996cb3dc -> 
  custom:container-muxer-webm: aa71ff27fc2769a1b78a27578f13a17b -> 
  custom:container-demuxer-webm: 4f35f7cbe854078d1ac9338744f61a02 -> 
  custom:container-demuxer-ogg: 62fdf1f143b41e24485cea50d1cbac27 -> 
  custom:video-encoder-webm-vp8: eb34c28f22e8b96e1ab97ce403110664 -> 
  custom:video-decoder-webm-vp8: 9c59270c3fd7afecdb556c50c9e8de78 -> 
  custom:audio-decoder-ogg-vorbis: bf7c407c2cedff20999df2af8eb42d56 -> 
  custom:audio-encoder-webm-vorbis: bf7c407c2cedff20999df2af8eb42d56 -> 
========================================================================
Received Import Request.
  Time since last request: 1105.574581 seconds.
  path: Assets
  artifactKey: Guid(00000000000000001000000000000000) Importer(815301076,1909f56bfc062723c751e8b465ee728b)
Start importing Assets using Guid(00000000000000001000000000000000) Importer(815301076,1909f56bfc062723c751e8b465ee728b)  -> (artifact id: '42d402b061de3733987d63b9cc3b64de') in 0.018156 seconds 
  Import took 0.023141 seconds .

========================================================================
Received Import Request.
  Time since last request: 6.942916 seconds.
  path: Assets/Images
  artifactKey: Guid(654ed1ec855e9a24c92c172db4f840a0) Importer(815301076,1909f56bfc062723c751e8b465ee728b)
Start importing Assets/Images using Guid(654ed1ec855e9a24c92c172db4f840a0) Importer(815301076,1909f56bfc062723c751e8b465ee728b)  -> (artifact id: 'ace6cd68ddebe5890e7ea66ac46e8c89') in 0.008106 seconds 
  Import took 0.012093 seconds .

========================================================================
Received Import Request.
  Time since last request: 14.569188 seconds.
  path: Assets/Images/pngfind.com-sausage-party-png-5326978.png
  artifactKey: Guid(2de759c3395a96d46bfc63ffd7fe3249) Importer(815301076,1909f56bfc062723c751e8b465ee728b)
Start importing Assets/Images/pngfind.com-sausage-party-png-5326978.png using Guid(2de759c3395a96d46bfc63ffd7fe3249) Importer(815301076,1909f56bfc062723c751e8b465ee728b)  -> (artifact id: 'f53e9ade9344fd18699e84e1fda6fdbd') in 0.168779 seconds 
  Import took 0.172188 seconds .

========================================================================
Received Import Request.
  Time since last request: 12.376556 seconds.
  path: Assets/Images/PngItem_5018182.png
  artifactKey: Guid(7ea477028d6b48842a9b9f708e08ed58) Importer(815301076,1909f56bfc062723c751e8b465ee728b)
Start importing Assets/Images/PngItem_5018182.png using Guid(7ea477028d6b48842a9b9f708e08ed58) Importer(815301076,1909f56bfc062723c751e8b465ee728b)  -> (artifact id: '74aed3c8e4b5ce0208ee1cad7b01d50c') in 0.017304 seconds 
  Import took 0.020032 seconds .

========================================================================
Received Import Request.
  Time since last request: 148.592522 seconds.
  path: Assets/Images/pngfind.com-sausage-party-png-5326978.png
  artifactKey: Guid(2de759c3395a96d46bfc63ffd7fe3249) Importer(815301076,1909f56bfc062723c751e8b465ee728b)
Start importing Assets/Images/pngfind.com-sausage-party-png-5326978.png using Guid(2de759c3395a96d46bfc63ffd7fe3249) Importer(815301076,1909f56bfc062723c751e8b465ee728b)  -> (artifact id: '40da0dc82cc846ecd0569b98ada8835a') in 0.550489 seconds 
  Import took 0.554294 seconds .

========================================================================
Received Import Request.
  Time since last request: 7.024573 seconds.
  path: Assets/Images/PngItem_5018182.png
  artifactKey: Guid(7ea477028d6b48842a9b9f708e08ed58) Importer(815301076,1909f56bfc062723c751e8b465ee728b)
Start importing Assets/Images/PngItem_5018182.png using Guid(7ea477028d6b48842a9b9f708e08ed58) Importer(815301076,1909f56bfc062723c751e8b465ee728b)  -> (artifact id: 'bf42e9f3dc002cdb735bfdbc13b96c57') in 0.011977 seconds 
  Import took 0.017776 seconds .

========================================================================
Received Import Request.
  Time since last request: 161.583690 seconds.
  path: Assets/Images/png-tick-png-transparent-tick-png-images-411312.png
  artifactKey: Guid(60d65ffbb03bff747aab061c3717c03e) Importer(815301076,1909f56bfc062723c751e8b465ee728b)
Start importing Assets/Images/png-tick-png-transparent-tick-png-images-411312.png using Guid(60d65ffbb03bff747aab061c3717c03e) Importer(815301076,1909f56bfc062723c751e8b465ee728b)  -> (artifact id: '7c197b0b13e25c9c3af1b74878585847') in 0.015722 seconds 
  Import took 0.024746 seconds .

========================================================================
Received Import Request.
  Time since last request: 4.606581 seconds.
  path: Assets/Images/png-tick-png-transparent-tick-png-images-411312.png
  artifactKey: Guid(60d65ffbb03bff747aab061c3717c03e) Importer(815301076,1909f56bfc062723c751e8b465ee728b)
Start importing Assets/Images/png-tick-png-transparent-tick-png-images-411312.png using Guid(60d65ffbb03bff747aab061c3717c03e) Importer(815301076,1909f56bfc062723c751e8b465ee728b)  -> (artifact id: 'ebecc75a12a622968d26b6d220226ffe') in 0.026406 seconds 
  Import took 0.029510 seconds .

AssetImportWorkerClient::OnTransportError - code=2 error=End of file
